#
# There is insufficient memory for the Java Runtime Environment to continue.
# Native memory allocation (malloc) failed to allocate 1048576 bytes for AllocateHeap
# Possible reasons:
#   The system is out of physical RAM or swap space
#   The process is running with CompressedOops enabled, and the Java Heap may be blocking the growth of the native heap
# Possible solutions:
#   Reduce memory load on the system
#   Increase physical memory or swap space
#   Check if swap backing store is full
#   Decrease Java heap size (-Xmx/-Xms)
#   Decrease number of Java threads
#   Decrease Java thread stack sizes (-Xss)
#   Set larger code cache with -XX:ReservedCodeCacheSize=
#   JVM is running with Unscaled Compressed Oops mode in which the Java heap is
#     placed in the first 4GB address space. The Java Heap base address is the
#     maximum limit for the native heap growth. Please use -XX:HeapBaseMinAddress
#     to set the Java Heap base and to place the Java Heap above 4GB virtual address.
# This output file may be truncated or incomplete.
#
#  Out of Memory Error (./open/src/hotspot/share/memory/allocation.cpp:44), pid=8268, tid=6388
#
# JRE version: OpenJDK Runtime Environment (15.0.2+7) (build 15.0.2+7-27)
# Java VM: OpenJDK 64-Bit Server VM (15.0.2+7-27, mixed mode, tiered, compressed oops, g1 gc, windows-amd64)
# No core dump will be written. Minidumps are not enabled by default on client versions of Windows
#

---------------  S U M M A R Y ------------

Command Line: -Dcom.sun.management.jmxremote -Dcom.sun.management.jmxremote.port=57305 -Dcom.sun.management.jmxremote.authenticate=false -Dcom.sun.management.jmxremote.ssl=false -Djava.rmi.server.hostname=localhost -Dspring.jmx.enabled=true -Dspring.application.admin.enabled=true -XX:TieredStopAtLevel=1 -Dspring.boot.project.name=vms -Dfile.encoding=Cp1252 -XX:+ShowCodeDetailsInExceptionMessages com.cg.vms.VmsApplication --spring.output.ansi.enabled=always

Host: Intel(R) Core(TM) i5-8250U CPU @ 1.60GHz, 8 cores, 7G,  Windows 10 , 64 bit Build 19041 (10.0.19041.928)
Time: Mon May 17 19:23:53 2021 India Standard Time elapsed time: 7.257469 seconds (0d 0h 0m 7s)

---------------  T H R E A D  ---------------

Current thread (0x000002721a836d30):  VMThread "VM Thread" [stack: 0x000000ff91400000,0x000000ff91500000] [id=6388]

Stack: [0x000000ff91400000,0x000000ff91500000]
[error occurred during error reporting (printing stack bounds), id 0xc0000005, EXCEPTION_ACCESS_VIOLATION (0xc0000005) at pc=0x00000272039410ad]

Native frames: (J=compiled Java code, j=interpreted, Vv=VM code, C=native code)
V  [jvm.dll+0x62ae9a]
V  [jvm.dll+0x7817a9]
V  [jvm.dll+0x782f03]
V  [jvm.dll+0x7834c5]
V  [jvm.dll+0x78347b]
V  [jvm.dll+0x62a2b9]
V  [jvm.dll+0x62aa88]
C  [ntdll.dll+0xa217f]
C  [ntdll.dll+0x51454]
C  [ntdll.dll+0xa0cae]
C  0x00000272039410ad

VM_Operation (0x000000ff92afb0b0): CollectForMetadataAllocation, mode: safepoint, requested by thread 0x000002721c26a7e0


---------------  P R O C E S S  ---------------

Threads class SMR info:
_java_thread_list=0x000002721cea3080, length=22, elements={
0x000002727fd0aba0, 0x000002721a83a070, 0x000002721a83ca40, 0x000002721b091230,
0x000002721b091af0, 0x000002721b0944c0, 0x000002721b095f40, 0x000002721b0a5d70,
0x000002721b103240, 0x000002721b25d720, 0x000002721b94f970, 0x000002721b958170,
0x000002721b990010, 0x000002721c19cee0, 0x000002721c1cdf70, 0x000002721c1e67b0,
0x000002721c1e74a0, 0x000002721c269f10, 0x000002721c26a7e0, 0x000002721ca20c60,
0x000002721ca1f920, 0x000002721ca1fdf0
}

Java Threads: ( => current thread )
  0x000002727fd0aba0 JavaThread "main" [_thread_blocked, id=8448, stack(0x000000ff90e00000,0x000000ff90f00000)]
  0x000002721a83a070 JavaThread "Reference Handler" daemon [_thread_blocked, id=14964, stack(0x000000ff91500000,0x000000ff91600000)]
  0x000002721a83ca40 JavaThread "Finalizer" daemon [_thread_blocked, id=12164, stack(0x000000ff91600000,0x000000ff91700000)]
  0x000002721b091230 JavaThread "Signal Dispatcher" daemon [_thread_blocked, id=9284, stack(0x000000ff91700000,0x000000ff91800000)]
  0x000002721b091af0 JavaThread "Attach Listener" daemon [_thread_blocked, id=11764, stack(0x000000ff91800000,0x000000ff91900000)]
  0x000002721b0944c0 JavaThread "Service Thread" daemon [_thread_blocked, id=13024, stack(0x000000ff91900000,0x000000ff91a00000)]
  0x000002721b095f40 JavaThread "C1 CompilerThread0" daemon [_thread_blocked, id=14460, stack(0x000000ff91a00000,0x000000ff91b00000)]
  0x000002721b0a5d70 JavaThread "Sweeper thread" daemon [_thread_blocked, id=11656, stack(0x000000ff91b00000,0x000000ff91c00000)]
  0x000002721b103240 JavaThread "Common-Cleaner" daemon [_thread_blocked, id=13336, stack(0x000000ff91c00000,0x000000ff91d00000)]
  0x000002721b25d720 JavaThread "Notification Thread" daemon [_thread_blocked, id=15284, stack(0x000000ff91d00000,0x000000ff91e00000)]
  0x000002721b94f970 JavaThread "RMI TCP Accept-0" daemon [_thread_in_native, id=7488, stack(0x000000ff92100000,0x000000ff92200000)]
  0x000002721b958170 JavaThread "RMI TCP Accept-57305" daemon [_thread_in_native, id=7836, stack(0x000000ff92200000,0x000000ff92300000)]
  0x000002721b990010 JavaThread "RMI TCP Accept-0" daemon [_thread_in_native, id=13472, stack(0x000000ff92300000,0x000000ff92400000)]
  0x000002721c19cee0 JavaThread "RMI TCP Connection(1)-127.0.0.1" daemon [_thread_in_native, id=4296, stack(0x000000ff92500000,0x000000ff92600000)]
  0x000002721c1cdf70 JavaThread "RMI Scheduler(0)" daemon [_thread_blocked, id=14432, stack(0x000000ff92600000,0x000000ff92700000)]
  0x000002721c1e67b0 JavaThread "RMI TCP Connection(2)-127.0.0.1" daemon [_thread_in_native, id=11828, stack(0x000000ff92700000,0x000000ff92800000)]
  0x000002721c1e74a0 JavaThread "JMX server connection timeout 21" daemon [_thread_blocked, id=4808, stack(0x000000ff92800000,0x000000ff92900000)]
  0x000002721c269f10 JavaThread "Thread-0" [_thread_blocked, id=12784, stack(0x000000ff92900000,0x000000ff92a00000)]
  0x000002721c26a7e0 JavaThread "restartedMain" [_thread_blocked, id=14864, stack(0x000000ff92a00000,0x000000ff92b00000)]
  0x000002721ca20c60 JavaThread "Catalina-utility-1" [_thread_blocked, id=11932, stack(0x000000ff92e00000,0x000000ff92f00000)]
  0x000002721ca1f920 JavaThread "Catalina-utility-2" [_thread_blocked, id=11032, stack(0x000000ff93100000,0x000000ff93200000)]
  0x000002721ca1fdf0 JavaThread "container-0" [_thread_blocked, id=14588, stack(0x000000ff93200000,0x000000ff93300000)]

Other Threads:
=>0x000002721a836d30 VMThread "VM Thread" [stack: 0x000000ff91400000,0x000000ff91500000] [id=6388]
  0x000002721b9504f0 WatcherThread [stack: 0x000000ff92400000,0x000000ff92500000] [id=9092]
  0x000002727fd4bd40 GCTaskThread "GC Thread#0" [stack: 0x000000ff90f00000,0x000000ff91000000] [id=13152]
  0x000002721b8e7380 GCTaskThread "GC Thread#1" [stack: 0x000000ff91e00000,0x000000ff91f00000] [id=3984]
  0x000002721b8e79e0 GCTaskThread "GC Thread#2" [stack: 0x000000ff91f00000,0x000000ff92000000] [id=7744]
  0x000002721b8e4080 GCTaskThread "GC Thread#3" [stack: 0x000000ff92b00000,0x000000ff92c00000] [id=12740]
  0x000002721b8e46e0 GCTaskThread "GC Thread#4" [stack: 0x000000ff92c00000,0x000000ff92d00000] [id=13576]
  0x000002721b8e5a00 GCTaskThread "GC Thread#5" [stack: 0x000000ff92d00000,0x000000ff92e00000] [id=12092]
  0x000002721b8e43b0 GCTaskThread "GC Thread#6" [stack: 0x000000ff92f00000,0x000000ff93000000] [id=13188]
  0x000002721b8e6390 GCTaskThread "GC Thread#7" [stack: 0x000000ff93000000,0x000000ff93100000] [id=6800]
  0x000002727fd5e390 ConcurrentGCThread "G1 Main Marker" [stack: 0x000000ff91000000,0x000000ff91100000] [id=14308]
  0x000002727fd5ee90 ConcurrentGCThread "G1 Conc#0" [stack: 0x000000ff91100000,0x000000ff91200000] [id=10280]
  0x000002721b8e5d30 ConcurrentGCThread "G1 Conc#1" [stack: 0x000000ff92000000,0x000000ff92100000] [id=15316]
  0x000002721a6620b0 ConcurrentGCThread "G1 Refine#0" [stack: 0x000000ff91200000,0x000000ff91300000] [id=13144]
  0x000002721a662bc0 ConcurrentGCThread "G1 Young RemSet Sampling" [stack: 0x000000ff91300000,0x000000ff91400000] [id=9996]

Threads with active compile tasks:
C1 CompilerThread0     7290 4056       1       java.security.Provider$Service::<init> (184 bytes)

VM state: at safepoint (normal execution)

VM Mutex/Monitor currently owned by a thread:  ([mutex/lock_event])
[0x000002727fd05dd0] Threads_lock - owner thread: 0x000002721a836d30
[0x000002727fd05cb0] Heap_lock - owner thread: 0x000002721c26a7e0

Heap address: 0x0000000081600000, size: 2026 MB, Compressed Oops mode: 32-bit
CDS disabled.
Compressed class space mapped at: 0x0000000100000000-0x0000000140000000, size: 1073741824
Narrow klass base: 0x0000000000000000, Narrow klass shift: 3, Narrow klass range: 0x140000000

GC Precious Log:
 CPUs: 8 total, 8 available
 Memory: 8101M
 Large Page Support: Disabled
 NUMA Support: Disabled
 Compressed Oops: Enabled (32-bit)
 Heap Region Size: 1M
 Heap Min Capacity: 8M
 Heap Initial Capacity: 128M
 Heap Max Capacity: 2026M
 Pre-touch: Disabled
 Parallel Workers: 8
 Concurrent Workers: 2
 Concurrent Refinement Workers: 8
 Periodic GC: Disabled

Heap:
 garbage-first heap   total 66560K, used 20921K [0x0000000081600000, 0x0000000100000000)
  region size 1024K, 3 young (3072K), 3 survivors (3072K)
 Metaspace       used 46771K, capacity 47230K, committed 47404K, reserved 1105920K
  class space    used 6007K, capacity 6179K, committed 6272K, reserved 1048576K

Heap Regions: E=young(eden), S=young(survivor), O=old, HS=humongous(starts), HC=humongous(continues), CS=collection set, F=free, OA=open archive, CA=closed archive, TAMS=top-at-mark-start (previous, next)
|   0|0x0000000081600000, 0x0000000081700000, 0x0000000081700000|100%|HS|  |TAMS 0x0000000081700000, 0x0000000081700000| Complete 
|   1|0x0000000081700000, 0x0000000081800000, 0x0000000081800000|100%| O|  |TAMS 0x0000000081800000, 0x0000000081800000| Untracked 
|   2|0x0000000081800000, 0x00000000818e9a00, 0x0000000081900000| 91%| O|  |TAMS 0x00000000818e9a00, 0x00000000818e9a00| Untracked 
|   3|0x0000000081900000, 0x0000000081a00000, 0x0000000081a00000|100%| O|  |TAMS 0x0000000081a00000, 0x0000000081a00000| Untracked 
|   4|0x0000000081a00000, 0x0000000081b00000, 0x0000000081b00000|100%| O|  |TAMS 0x0000000081b00000, 0x0000000081b00000| Untracked 
|   5|0x0000000081b00000, 0x0000000081c00000, 0x0000000081c00000|100%| O|  |TAMS 0x0000000081c00000, 0x0000000081c00000| Untracked 
|   6|0x0000000081c00000, 0x0000000081d00000, 0x0000000081d00000|100%| O|  |TAMS 0x0000000081d00000, 0x0000000081d00000| Untracked 
|   7|0x0000000081d00000, 0x0000000081d83e00, 0x0000000081e00000| 51%| O|  |TAMS 0x0000000081d83e00, 0x0000000081d83e00| Untracked 
|   8|0x0000000081e00000, 0x0000000081f00000, 0x0000000081f00000|100%| O|  |TAMS 0x0000000081f00000, 0x0000000081f00000| Untracked 
|   9|0x0000000081f00000, 0x0000000082000000, 0x0000000082000000|100%| O|  |TAMS 0x0000000082000000, 0x0000000082000000| Untracked 
|  10|0x0000000082000000, 0x0000000082100000, 0x0000000082100000|100%| O|  |TAMS 0x0000000082100000, 0x0000000082100000| Untracked 
|  11|0x0000000082100000, 0x0000000082200000, 0x0000000082200000|100%| O|  |TAMS 0x0000000082200000, 0x0000000082200000| Untracked 
|  12|0x0000000082200000, 0x0000000082300000, 0x0000000082300000|100%| O|  |TAMS 0x0000000082281e00, 0x0000000082300000| Untracked 
|  13|0x0000000082300000, 0x0000000082400000, 0x0000000082400000|100%| O|  |TAMS 0x0000000082300000, 0x0000000082400000| Untracked 
|  14|0x0000000082400000, 0x0000000082500000, 0x0000000082500000|100%| O|  |TAMS 0x0000000082400000, 0x0000000082500000| Untracked 
|  15|0x0000000082500000, 0x0000000082600000, 0x0000000082600000|100%| O|  |TAMS 0x0000000082500000, 0x0000000082600000| Untracked 
|  16|0x0000000082600000, 0x0000000082700000, 0x0000000082700000|100%| O|  |TAMS 0x0000000082600000, 0x0000000082700000| Untracked 
|  17|0x0000000082700000, 0x0000000082800000, 0x0000000082800000|100%| O|  |TAMS 0x0000000082700000, 0x0000000082800000| Untracked 
|  18|0x0000000082800000, 0x000000008288a400, 0x0000000082900000| 54%| O|  |TAMS 0x0000000082800000, 0x000000008288a400| Untracked 
|  19|0x0000000082900000, 0x0000000082900000, 0x0000000082a00000|  0%| F|  |TAMS 0x0000000082900000, 0x0000000082900000| Untracked 
|  20|0x0000000082a00000, 0x0000000082a00000, 0x0000000082b00000|  0%| F|  |TAMS 0x0000000082a00000, 0x0000000082a00000| Untracked 
|  21|0x0000000082b00000, 0x0000000082b00000, 0x0000000082c00000|  0%| F|  |TAMS 0x0000000082b00000, 0x0000000082b00000| Untracked 
|  22|0x0000000082c00000, 0x0000000082c00000, 0x0000000082d00000|  0%| F|  |TAMS 0x0000000082c00000, 0x0000000082c00000| Untracked 
|  23|0x0000000082d00000, 0x0000000082d00000, 0x0000000082e00000|  0%| F|  |TAMS 0x0000000082d00000, 0x0000000082d00000| Untracked 
|  24|0x0000000082e00000, 0x0000000082e00000, 0x0000000082f00000|  0%| F|  |TAMS 0x0000000082e00000, 0x0000000082e00000| Untracked 
|  25|0x0000000082f00000, 0x0000000082f00000, 0x0000000083000000|  0%| F|  |TAMS 0x0000000082f00000, 0x0000000082f00000| Untracked 
|  26|0x0000000083000000, 0x0000000083000000, 0x0000000083100000|  0%| F|  |TAMS 0x0000000083000000, 0x0000000083000000| Untracked 
|  27|0x0000000083100000, 0x0000000083100000, 0x0000000083200000|  0%| F|  |TAMS 0x0000000083100000, 0x0000000083100000| Untracked 
|  28|0x0000000083200000, 0x0000000083200000, 0x0000000083300000|  0%| F|  |TAMS 0x0000000083200000, 0x0000000083200000| Untracked 
|  29|0x0000000083300000, 0x0000000083300000, 0x0000000083400000|  0%| F|  |TAMS 0x0000000083300000, 0x0000000083300000| Untracked 
|  30|0x0000000083400000, 0x0000000083400000, 0x0000000083500000|  0%| F|  |TAMS 0x0000000083400000, 0x0000000083400000| Untracked 
|  31|0x0000000083500000, 0x0000000083500000, 0x0000000083600000|  0%| F|  |TAMS 0x0000000083500000, 0x0000000083500000| Untracked 
|  32|0x0000000083600000, 0x0000000083676ae0, 0x0000000083700000| 46%| S|CS|TAMS 0x0000000083600000, 0x0000000083600000| Complete 
|  33|0x0000000083700000, 0x0000000083800000, 0x0000000083800000|100%| S|CS|TAMS 0x0000000083700000, 0x0000000083700000| Complete 
|  34|0x0000000083800000, 0x0000000083900000, 0x0000000083900000|100%| S|CS|TAMS 0x0000000083800000, 0x0000000083800000| Complete 
|  35|0x0000000083900000, 0x0000000083900000, 0x0000000083a00000|  0%| F|  |TAMS 0x0000000083900000, 0x0000000083900000| Untracked 
|  36|0x0000000083a00000, 0x0000000083a00000, 0x0000000083b00000|  0%| F|  |TAMS 0x0000000083a00000, 0x0000000083a00000| Untracked 
|  37|0x0000000083b00000, 0x0000000083b00000, 0x0000000083c00000|  0%| F|  |TAMS 0x0000000083b00000, 0x0000000083b00000| Untracked 
|  38|0x0000000083c00000, 0x0000000083c00000, 0x0000000083d00000|  0%| F|  |TAMS 0x0000000083c00000, 0x0000000083c00000| Untracked 
|  39|0x0000000083d00000, 0x0000000083d00000, 0x0000000083e00000|  0%| F|  |TAMS 0x0000000083d00000, 0x0000000083d00000| Untracked 
|  40|0x0000000083e00000, 0x0000000083e00000, 0x0000000083f00000|  0%| F|  |TAMS 0x0000000083e00000, 0x0000000083e00000| Untracked 
|  41|0x0000000083f00000, 0x0000000083f00000, 0x0000000084000000|  0%| F|  |TAMS 0x0000000083f00000, 0x0000000083f00000| Untracked 
|  42|0x0000000084000000, 0x0000000084000000, 0x0000000084100000|  0%| F|  |TAMS 0x0000000084000000, 0x0000000084000000| Untracked 
|  43|0x0000000084100000, 0x0000000084100000, 0x0000000084200000|  0%| F|  |TAMS 0x0000000084100000, 0x0000000084100000| Untracked 
|  44|0x0000000084200000, 0x0000000084200000, 0x0000000084300000|  0%| F|  |TAMS 0x0000000084200000, 0x0000000084200000| Untracked 
|  45|0x0000000084300000, 0x0000000084300000, 0x0000000084400000|  0%| F|  |TAMS 0x0000000084300000, 0x0000000084300000| Untracked 
|  46|0x0000000084400000, 0x0000000084400000, 0x0000000084500000|  0%| F|  |TAMS 0x0000000084400000, 0x0000000084400000| Untracked 
|  47|0x0000000084500000, 0x0000000084500000, 0x0000000084600000|  0%| F|  |TAMS 0x0000000084500000, 0x0000000084500000| Untracked 
|  48|0x0000000084600000, 0x0000000084600000, 0x0000000084700000|  0%| F|  |TAMS 0x0000000084600000, 0x0000000084600000| Untracked 
|  49|0x0000000084700000, 0x0000000084700000, 0x0000000084800000|  0%| F|  |TAMS 0x0000000084700000, 0x0000000084700000| Untracked 
|  50|0x0000000084800000, 0x0000000084800000, 0x0000000084900000|  0%| F|  |TAMS 0x0000000084800000, 0x0000000084800000| Untracked 
|  51|0x0000000084900000, 0x0000000084900000, 0x0000000084a00000|  0%| F|  |TAMS 0x0000000084900000, 0x0000000084900000| Untracked 
|  52|0x0000000084a00000, 0x0000000084a00000, 0x0000000084b00000|  0%| F|  |TAMS 0x0000000084a00000, 0x0000000084a00000| Untracked 
|  53|0x0000000084b00000, 0x0000000084b00000, 0x0000000084c00000|  0%| F|  |TAMS 0x0000000084b00000, 0x0000000084b00000| Untracked 
|  54|0x0000000084c00000, 0x0000000084c00000, 0x0000000084d00000|  0%| F|  |TAMS 0x0000000084c00000, 0x0000000084c00000| Untracked 
|  55|0x0000000084d00000, 0x0000000084d00000, 0x0000000084e00000|  0%| F|  |TAMS 0x0000000084d00000, 0x0000000084d00000| Untracked 
|  56|0x0000000084e00000, 0x0000000084e00000, 0x0000000084f00000|  0%| F|  |TAMS 0x0000000084e00000, 0x0000000084e00000| Untracked 
|  57|0x0000000084f00000, 0x0000000084f00000, 0x0000000085000000|  0%| F|  |TAMS 0x0000000084f00000, 0x0000000084f00000| Untracked 
|  58|0x0000000085000000, 0x0000000085000000, 0x0000000085100000|  0%| F|  |TAMS 0x0000000085000000, 0x0000000085000000| Untracked 
|  59|0x0000000085100000, 0x0000000085100000, 0x0000000085200000|  0%| F|  |TAMS 0x0000000085100000, 0x0000000085100000| Untracked 
|  60|0x0000000085200000, 0x0000000085200000, 0x0000000085300000|  0%| F|  |TAMS 0x0000000085200000, 0x0000000085200000| Untracked 
|  61|0x0000000085300000, 0x0000000085300000, 0x0000000085400000|  0%| F|  |TAMS 0x0000000085300000, 0x0000000085300000| Untracked 
|  62|0x0000000085400000, 0x0000000085400000, 0x0000000085500000|  0%| F|  |TAMS 0x0000000085400000, 0x0000000085400000| Untracked 
|  63|0x0000000085500000, 0x0000000085500000, 0x0000000085600000|  0%| F|  |TAMS 0x0000000085500000, 0x0000000085500000| Untracked 
| 127|0x0000000089500000, 0x0000000089500000, 0x0000000089600000|  0%| F|  |TAMS 0x0000000089500000, 0x0000000089500000| Untracked 

Card table byte_map: [0x00000272135d0000,0x00000272139d0000] _byte_map_base: 0x00000272131c5000

Marking Bits (Prev, Next): (CMBitMap*) 0x000002727fd4c500, (CMBitMap*) 0x000002727fd4c4c0
 Prev Bits: [0x0000027215d80000, 0x0000027217d28000)
 Next Bits: [0x0000027213dd0000, 0x0000027215d78000)

Polling page: 0x000002727e4e0000

Metaspace:

Usage:
  Non-class:     40.09 MB capacity,    39.81 MB (>99%) used,   220.64 KB ( <1%) free+waste,    65.56 KB ( <1%) overhead. 
      Class:      6.03 MB capacity,     5.87 MB ( 97%) used,   145.81 KB (  2%) free+waste,    26.06 KB ( <1%) overhead. 
       Both:     46.12 MB capacity,    45.68 MB (>99%) used,   366.45 KB ( <1%) free+waste,    91.62 KB ( <1%) overhead. 

Virtual space:
  Non-class space:       56.00 MB reserved,      40.17 MB ( 72%) committed 
      Class space:        1.00 GB reserved,       6.12 MB ( <1%) committed 
             Both:        1.05 GB reserved,      46.29 MB (  4%) committed 

Chunk freelists:
   Non-Class:  81.00 KB
       Class:  29.00 KB
        Both:  110.00 KB

MaxMetaspaceSize: 17179869184.00 GB
CompressedClassSpaceSize: 1.00 GB

CodeHeap 'non-profiled nmethods': size=238336Kb used=6373Kb max_used=6373Kb free=231962Kb
 bounds [0x0000027204080000, 0x00000272046c0000, 0x0000027212940000]
CodeHeap 'non-nmethods': size=7424Kb used=1215Kb max_used=1215Kb free=6208Kb
 bounds [0x0000027203940000, 0x0000027203bb0000, 0x0000027204080000]
 total_blobs=4542 nmethods=4055 adapters=414
 compilation: enabled
              stopped_count=0, restarted_count=0
 full_count=0

Compilation events (20 events):
Event: 7.242 Thread 0x000002721b095f40 nmethod 4046 0x00000272046b6d90 code [0x00000272046b6fa0, 0x00000272046b73c8]
Event: 7.242 Thread 0x000002721b095f40 4045       1       sun.security.util.CurveDB::bi (11 bytes)
Event: 7.242 Thread 0x000002721b095f40 nmethod 4045 0x00000272046b7610 code [0x00000272046b77a0, 0x00000272046b78c8]
Event: 7.242 Thread 0x000002721b095f40 4047       1       sun.security.util.ObjectIdentifier::pack7Oid (42 bytes)
Event: 7.242 Thread 0x000002721b095f40 nmethod 4047 0x00000272046b7990 code [0x00000272046b7b20, 0x00000272046b7ca8]
Event: 7.242 Thread 0x000002721b095f40 4051       1       java.security.Provider$ServiceKey::<init> (39 bytes)
Event: 7.243 Thread 0x000002721b095f40 nmethod 4051 0x00000272046b7d90 code [0x00000272046b7f60, 0x00000272046b81e8]
Event: 7.243 Thread 0x000002721b095f40 4050       1       java.security.Provider$Service::getProvider (5 bytes)
Event: 7.243 Thread 0x000002721b095f40 nmethod 4050 0x00000272046b8310 code [0x00000272046b84a0, 0x00000272046b8558]
Event: 7.243 Thread 0x000002721b095f40 4049       1       java.math.BigInteger::signum (5 bytes)
Event: 7.243 Thread 0x000002721b095f40 nmethod 4049 0x00000272046b8610 code [0x00000272046b87a0, 0x00000272046b8858]
Event: 7.243 Thread 0x000002721b095f40 4052       1       java.security.Provider$UString::toString (5 bytes)
Event: 7.243 Thread 0x000002721b095f40 nmethod 4052 0x00000272046b8910 code [0x00000272046b8aa0, 0x00000272046b8b58]
Event: 7.244 Thread 0x000002721b095f40 4053       1       java.security.Provider$Service::getClassName (5 bytes)
Event: 7.244 Thread 0x000002721b095f40 nmethod 4053 0x00000272046b8c10 code [0x00000272046b8da0, 0x00000272046b8e58]
Event: 7.245 Thread 0x000002721b095f40 4054       1       sun.security.util.KnownOIDs::aliases (5 bytes)
Event: 7.245 Thread 0x000002721b095f40 nmethod 4054 0x00000272046b8f10 code [0x00000272046b90a0, 0x00000272046b9158]
Event: 7.245 Thread 0x000002721b095f40 4055       1       java.security.Provider::checkInitialized (16 bytes)
Event: 7.245 Thread 0x000002721b095f40 nmethod 4055 0x00000272046b9210 code [0x00000272046b93c0, 0x00000272046b9528]
Event: 7.246 Thread 0x000002721b095f40 4056       1       java.security.Provider$Service::<init> (184 bytes)

GC Heap History (20 events):
Event: 3.751 GC heap before
{Heap before GC invocations=12 (full 0):
 garbage-first heap   total 46080K, used 35006K [0x0000000081600000, 0x0000000100000000)
  region size 1024K, 26 young (26624K), 3 survivors (3072K)
 Metaspace       used 29625K, capacity 30027K, committed 30080K, reserved 1083392K
  class space    used 3589K, capacity 3712K, committed 3712K, reserved 1048576K
}
Event: 3.756 GC heap after
{Heap after GC invocations=13 (full 0):
 garbage-first heap   total 46080K, used 12835K [0x0000000081600000, 0x0000000100000000)
  region size 1024K, 3 young (3072K), 3 survivors (3072K)
 Metaspace       used 29625K, capacity 30027K, committed 30080K, reserved 1083392K
  class space    used 3589K, capacity 3712K, committed 3712K, reserved 1048576K
}
Event: 3.765 GC heap before
{Heap before GC invocations=13 (full 0):
 garbage-first heap   total 46080K, used 34339K [0x0000000081600000, 0x0000000100000000)
  region size 1024K, 25 young (25600K), 3 survivors (3072K)
 Metaspace       used 29685K, capacity 30027K, committed 30080K, reserved 1083392K
  class space    used 3592K, capacity 3712K, committed 3712K, reserved 1048576K
}
Event: 3.768 GC heap after
{Heap after GC invocations=14 (full 0):
 garbage-first heap   total 46080K, used 12813K [0x0000000081600000, 0x0000000100000000)
  region size 1024K, 3 young (3072K), 3 survivors (3072K)
 Metaspace       used 29685K, capacity 30027K, committed 30080K, reserved 1083392K
  class space    used 3592K, capacity 3712K, committed 3712K, reserved 1048576K
}
Event: 4.250 GC heap before
{Heap before GC invocations=14 (full 0):
 garbage-first heap   total 46080K, used 36365K [0x0000000081600000, 0x0000000100000000)
  region size 1024K, 26 young (26624K), 3 survivors (3072K)
 Metaspace       used 31650K, capacity 32132K, committed 32256K, reserved 1085440K
  class space    used 3831K, capacity 3982K, committed 4096K, reserved 1048576K
}
Event: 4.255 GC heap after
{Heap after GC invocations=15 (full 0):
 garbage-first heap   total 55296K, used 14122K [0x0000000081600000, 0x0000000100000000)
  region size 1024K, 4 young (4096K), 4 survivors (4096K)
 Metaspace       used 31650K, capacity 32132K, committed 32256K, reserved 1085440K
  class space    used 3831K, capacity 3982K, committed 4096K, reserved 1048576K
}
Event: 5.065 GC heap before
{Heap before GC invocations=15 (full 0):
 garbage-first heap   total 55296K, used 42794K [0x0000000081600000, 0x0000000100000000)
  region size 1024K, 32 young (32768K), 4 survivors (4096K)
 Metaspace       used 34415K, capacity 34916K, committed 35200K, reserved 1087488K
  class space    used 4248K, capacity 4391K, committed 4480K, reserved 1048576K
}
Event: 5.073 GC heap after
{Heap after GC invocations=16 (full 0):
 garbage-first heap   total 55296K, used 15767K [0x0000000081600000, 0x0000000100000000)
  region size 1024K, 4 young (4096K), 4 survivors (4096K)
 Metaspace       used 34415K, capacity 34916K, committed 35200K, reserved 1087488K
  class space    used 4248K, capacity 4391K, committed 4480K, reserved 1048576K
}
Event: 5.324 GC heap before
{Heap before GC invocations=16 (full 0):
 garbage-first heap   total 55296K, used 22935K [0x0000000081600000, 0x0000000100000000)
  region size 1024K, 12 young (12288K), 4 survivors (4096K)
 Metaspace       used 35747K, capacity 36167K, committed 36268K, reserved 1089536K
  class space    used 4417K, capacity 4552K, committed 4608K, reserved 1048576K
}
Event: 5.329 GC heap after
{Heap after GC invocations=17 (full 0):
 garbage-first heap   total 55296K, used 16244K [0x0000000081600000, 0x0000000100000000)
  region size 1024K, 3 young (3072K), 3 survivors (3072K)
 Metaspace       used 35747K, capacity 36167K, committed 36268K, reserved 1089536K
  class space    used 4417K, capacity 4552K, committed 4608K, reserved 1048576K
}
Event: 5.907 GC heap before
{Heap before GC invocations=18 (full 0):
 garbage-first heap   total 55296K, used 41844K [0x0000000081600000, 0x0000000100000000)
  region size 1024K, 29 young (29696K), 3 survivors (3072K)
 Metaspace       used 38947K, capacity 39407K, committed 39596K, reserved 1091584K
  class space    used 4869K, capacity 5023K, committed 5120K, reserved 1048576K
}
Event: 5.915 GC heap after
{Heap after GC invocations=19 (full 0):
 garbage-first heap   total 55296K, used 18544K [0x0000000081600000, 0x0000000100000000)
  region size 1024K, 4 young (4096K), 4 survivors (4096K)
 Metaspace       used 38947K, capacity 39407K, committed 39596K, reserved 1091584K
  class space    used 4869K, capacity 5023K, committed 5120K, reserved 1048576K
}
Event: 5.920 GC heap before
{Heap before GC invocations=19 (full 0):
 garbage-first heap   total 55296K, used 41072K [0x0000000081600000, 0x0000000100000000)
  region size 1024K, 27 young (27648K), 4 survivors (4096K)
 Metaspace       used 38947K, capacity 39407K, committed 39596K, reserved 1091584K
  class space    used 4869K, capacity 5023K, committed 5120K, reserved 1048576K
}
Event: 5.925 GC heap after
{Heap after GC invocations=20 (full 0):
 garbage-first heap   total 66560K, used 18457K [0x0000000081600000, 0x0000000100000000)
  region size 1024K, 1 young (1024K), 1 survivors (1024K)
 Metaspace       used 38947K, capacity 39407K, committed 39596K, reserved 1091584K
  class space    used 4869K, capacity 5023K, committed 5120K, reserved 1048576K
}
Event: 6.043 GC heap before
{Heap before GC invocations=20 (full 0):
 garbage-first heap   total 66560K, used 51225K [0x0000000081600000, 0x0000000100000000)
  region size 1024K, 34 young (34816K), 1 survivors (1024K)
 Metaspace       used 39545K, capacity 40047K, committed 40364K, reserved 1093632K
  class space    used 4919K, capacity 5087K, committed 5120K, reserved 1048576K
}
Event: 6.046 GC heap after
{Heap after GC invocations=21 (full 0):
 garbage-first heap   total 66560K, used 19113K [0x0000000081600000, 0x0000000100000000)
  region size 1024K, 1 young (1024K), 1 survivors (1024K)
 Metaspace       used 39545K, capacity 40047K, committed 40364K, reserved 1093632K
  class space    used 4919K, capacity 5087K, committed 5120K, reserved 1048576K
}
Event: 6.230 GC heap before
{Heap before GC invocations=21 (full 0):
 garbage-first heap   total 66560K, used 51881K [0x0000000081600000, 0x0000000100000000)
  region size 1024K, 34 young (34816K), 1 survivors (1024K)
 Metaspace       used 40156K, capacity 40658K, committed 41004K, reserved 1093632K
  class space    used 4997K, capacity 5184K, committed 5248K, reserved 1048576K
}
Event: 6.233 GC heap after
{Heap after GC invocations=22 (full 0):
 garbage-first heap   total 66560K, used 19217K [0x0000000081600000, 0x0000000100000000)
  region size 1024K, 1 young (1024K), 1 survivors (1024K)
 Metaspace       used 40156K, capacity 40658K, committed 41004K, reserved 1093632K
  class space    used 4997K, capacity 5184K, committed 5248K, reserved 1048576K
}
Event: 7.248 GC heap before
{Heap before GC invocations=22 (full 0):
 garbage-first heap   total 66560K, used 48913K [0x0000000081600000, 0x0000000100000000)
  region size 1024K, 31 young (31744K), 1 survivors (1024K)
 Metaspace       used 46771K, capacity 47230K, committed 47404K, reserved 1103872K
  class space    used 6007K, capacity 6179K, committed 6272K, reserved 1048576K
}
Event: 7.255 GC heap after
{Heap after GC invocations=23 (full 0):
 garbage-first heap   total 66560K, used 20921K [0x0000000081600000, 0x0000000100000000)
  region size 1024K, 3 young (3072K), 3 survivors (3072K)
 Metaspace       used 46771K, capacity 47230K, committed 47404K, reserved 1103872K
  class space    used 6007K, capacity 6179K, committed 6272K, reserved 1048576K
}

Deoptimization events (6 events):
Event: 3.719 Thread 0x000002721c26a7e0 DEOPT PACKING pc=0x00000272044903cc sp=0x000000ff92afd6b0
Event: 3.719 Thread 0x000002721c26a7e0 DEOPT UNPACKING pc=0x000002720398e23f sp=0x000000ff92afcbf0 mode 0
Event: 4.115 Thread 0x000002721c26a7e0 DEOPT PACKING pc=0x0000027204492ea4 sp=0x000000ff92afd890
Event: 4.115 Thread 0x000002721c26a7e0 DEOPT UNPACKING pc=0x000002720398e23f sp=0x000000ff92afcd30 mode 0
Event: 4.762 Thread 0x000002721c26a7e0 DEOPT PACKING pc=0x000002720436933c sp=0x000000ff92afcb70
Event: 4.763 Thread 0x000002721c26a7e0 DEOPT UNPACKING pc=0x000002720398e23f sp=0x000000ff92afc0c8 mode 0

Classes unloaded (0 events):
No events

Classes redefined (0 events):
No events

Internal exceptions (20 events):
Event: 5.376 Thread 0x000002721c26a7e0 Exception <a 'java/lang/ClassNotFoundException'{0x000000008555d5f8}: org/springframework/core/OrderedCustomizer> (0x000000008555d5f8) 
thrown [./open/src/hotspot/share/classfile/systemDictionary.cpp, line 295]
Event: 5.377 Thread 0x000002721c26a7e0 Exception <a 'java/lang/ClassNotFoundException'{0x0000000085562db8}: org/springframework/beans/factory/BeanClassLoaderAwareCustomizer> (0x0000000085562db8) 
thrown [./open/src/hotspot/share/classfile/systemDictionary.cpp, line 295]
Event: 5.377 Thread 0x000002721c26a7e0 Exception <a 'java/lang/ClassNotFoundException'{0x0000000085568490}: org/springframework/beans/factory/AwareCustomizer> (0x0000000085568490) 
thrown [./open/src/hotspot/share/classfile/systemDictionary.cpp, line 295]
Event: 5.378 Thread 0x000002721c26a7e0 Exception <a 'java/lang/ClassNotFoundException'{0x000000008556d118}: org/springframework/aop/framework/AopInfrastructureBeanCustomizer> (0x000000008556d118) 
thrown [./open/src/hotspot/share/classfile/systemDictionary.cpp, line 295]
Event: 5.440 Thread 0x000002721c26a7e0 Exception <a 'java/lang/ClassNotFoundException'{0x000000008471cad8}: java/lang/ObjectCustomizer> (0x000000008471cad8) 
thrown [./open/src/hotspot/share/classfile/systemDictionary.cpp, line 295]
Event: 5.441 Thread 0x000002721c26a7e0 Exception <a 'java/lang/ClassNotFoundException'{0x0000000084725ff0}: org/springframework/transaction/annotation/AbstractTransactionManagementConfigurationCustomizer> (0x0000000084725ff0) 
thrown [./open/src/hotspot/share/classfile/systemDictionary.cpp, line 295]
Event: 5.442 Thread 0x000002721c26a7e0 Exception <a 'java/lang/ClassNotFoundException'{0x000000008472e4a0}: org/springframework/transaction/annotation/ProxyTransactionManagementConfigurationCustomizer> (0x000000008472e4a0) 
thrown [./open/src/hotspot/share/classfile/systemDictionary.cpp, line 295]
Event: 5.443 Thread 0x000002721c26a7e0 Exception <a 'java/lang/ClassNotFoundException'{0x00000000847377c0}: org/springframework/context/annotation/ImportAwareCustomizer> (0x00000000847377c0) 
thrown [./open/src/hotspot/share/classfile/systemDictionary.cpp, line 295]
Event: 5.444 Thread 0x000002721c26a7e0 Exception <a 'java/lang/ClassNotFoundException'{0x000000008473dab0}: org/springframework/beans/factory/AwareCustomizer> (0x000000008473dab0) 
thrown [./open/src/hotspot/share/classfile/systemDictionary.cpp, line 295]
Event: 5.647 Thread 0x000002721c26a7e0 Exception <a 'java/lang/NoSuchMethodError'{0x0000000083e98f00}: 'void java.lang.invoke.DirectMethodHandle$Holder.invokeInterface(java.lang.Object, java.lang.Object, int)'> (0x0000000083e98f00) 
thrown [./open/src/hotspot/share/interpreter/linkResolver.cpp, line 782]
Event: 5.649 Thread 0x000002721c26a7e0 Exception <a 'java/lang/NoSuchMethodError'{0x0000000083ebac80}: 'int java.lang.invoke.DirectMethodHandle$Holder.invokeVirtual(java.lang.Object, java.lang.Object)'> (0x0000000083ebac80) 
thrown [./open/src/hotspot/share/interpreter/linkResolver.cpp, line 782]
Event: 5.654 Thread 0x000002721c26a7e0 Exception <a 'java/lang/IncompatibleClassChangeError'{0x0000000083ef86a0}: Found class java.lang.Object, but interface was expected> (0x0000000083ef86a0) 
thrown [./open/src/hotspot/share/interpreter/linkResolver.cpp, line 848]
Event: 5.654 Thread 0x000002721c26a7e0 Exception <a 'java/lang/NoSuchMethodError'{0x0000000083efdd88}: 'void java.lang.invoke.DirectMethodHandle$Holder.invokeStatic(java.lang.Object, int, java.lang.Object)'> (0x0000000083efdd88) 
thrown [./open/src/hotspot/share/interpreter/linkResolver.cpp, line 782]
Event: 5.658 Thread 0x000002721c26a7e0 Exception <a 'java/lang/NoSuchMethodError'{0x0000000083d2ef08}: 'int java.lang.invoke.DirectMethodHandle$Holder.invokeSpecial(java.lang.Object, java.lang.Object, int)'> (0x0000000083d2ef08) 
thrown [./open/src/hotspot/share/interpreter/linkResolver.cpp, line 782]
Event: 5.894 Thread 0x000002721c1e67b0 Exception <a 'java/lang/reflect/InvocationTargetException'{0x00000000835ef5e8}> (0x00000000835ef5e8) 
thrown [./open/src/hotspot/share/runtime/reflection.cpp, line 1157]
Event: 6.116 Thread 0x000002721c26a7e0 Exception <a 'java/io/FileNotFoundException'{0x0000000083b92690}> (0x0000000083b92690) 
thrown [./open/src/hotspot/share/prims/jni.cpp, line 578]
Event: 6.158 Thread 0x000002721c26a7e0 Exception <a 'java/lang/NoSuchMethodError'{0x00000000838ad620}: 'int java.lang.invoke.DirectMethodHandle$Holder.invokeInterface(java.lang.Object, java.lang.Object, java.lang.Object, java.lang.Object)'> (0x00000000838ad620) 
thrown [./open/src/hotspot/share/interpreter/linkResolver.cpp, line 782]
Event: 6.222 Thread 0x000002721c26a7e0 Exception <a 'java/io/FileNotFoundException'{0x00000000836bc8e0}> (0x00000000836bc8e0) 
thrown [./open/src/hotspot/share/prims/jni.cpp, line 578]
Event: 6.401 Thread 0x000002721c1e67b0 Exception <a 'java/lang/reflect/InvocationTargetException'{0x0000000084f82578}> (0x0000000084f82578) 
thrown [./open/src/hotspot/share/runtime/reflection.cpp, line 1157]
Event: 6.904 Thread 0x000002721c1e67b0 Exception <a 'java/lang/reflect/InvocationTargetException'{0x00000000841816f8}> (0x00000000841816f8) 
thrown [./open/src/hotspot/share/runtime/reflection.cpp, line 1157]

Events (20 events):
Event: 7.229 loading class sun/security/util/DerOutputStream
Event: 7.230 loading class sun/security/util/DerEncoder
Event: 7.230 loading class sun/security/util/DerEncoder done
Event: 7.230 loading class sun/security/util/DerOutputStream done
Event: 7.231 Executing VM operation: HandshakeAllThreads
Event: 7.231 Executing VM operation: HandshakeAllThreads done
Event: 7.231 loading class sun/security/util/ByteArrayLexOrder
Event: 7.232 loading class sun/security/util/ByteArrayLexOrder done
Event: 7.232 loading class sun/security/util/ByteArrayTagOrder
Event: 7.232 loading class sun/security/util/ByteArrayTagOrder done
Event: 7.232 loading class sun/security/util/ObjectIdentifier
Event: 7.232 loading class sun/security/util/ObjectIdentifier done
Event: 7.236 loading class java/security/spec/ECFieldF2m
Event: 7.236 loading class java/security/spec/ECFieldF2m done
Event: 7.241 loading class sun/security/ssl/SunJSSE
Event: 7.242 loading class sun/security/ssl/SunJSSE done
Event: 7.243 loading class com/sun/crypto/provider/SunJCE
Event: 7.244 loading class com/sun/crypto/provider/SunJCE done
Event: 7.246 loading class javax/crypto/JceSecurity
Event: 7.247 Executing VM operation: CollectForMetadataAllocation


Dynamic libraries:
0x00007ff7f8ce0000 - 0x00007ff7f8ced000 	E:\Spring\sts-4.10.0.RELEASE\plugins\org.eclipse.justj.openjdk.hotspot.jre.full.win32.x86_64_15.0.2.v20210201-0955\jre\bin\javaw.exe
0x00007ffed6530000 - 0x00007ffed6725000 	C:\Windows\SYSTEM32\ntdll.dll
0x00007ffed6430000 - 0x00007ffed64ed000 	C:\Windows\System32\KERNEL32.DLL
0x00007ffed3e50000 - 0x00007ffed4118000 	C:\Windows\System32\KERNELBASE.dll
0x00007ffed41f0000 - 0x00007ffed42f0000 	C:\Windows\System32\ucrtbase.dll
0x00007ffecb300000 - 0x00007ffecb319000 	E:\Spring\sts-4.10.0.RELEASE\plugins\org.eclipse.justj.openjdk.hotspot.jre.full.win32.x86_64_15.0.2.v20210201-0955\jre\bin\VCRUNTIME140.dll
0x00007ffecc5f0000 - 0x00007ffecc608000 	E:\Spring\sts-4.10.0.RELEASE\plugins\org.eclipse.justj.openjdk.hotspot.jre.full.win32.x86_64_15.0.2.v20210201-0955\jre\bin\jli.dll
0x00007ffed5f40000 - 0x00007ffed60e0000 	C:\Windows\System32\USER32.dll
0x00007ffed4120000 - 0x00007ffed4142000 	C:\Windows\System32\win32u.dll
0x00007ffed60e0000 - 0x00007ffed610a000 	C:\Windows\System32\GDI32.dll
0x00007ffebad10000 - 0x00007ffebafaa000 	C:\Windows\WinSxS\amd64_microsoft.windows.common-controls_6595b64144ccf1df_6.0.19041.844_none_ca00b6081b84eb1d\COMCTL32.dll
0x00007ffed42f0000 - 0x00007ffed43fb000 	C:\Windows\System32\gdi32full.dll
0x00007ffed5c00000 - 0x00007ffed5c9e000 	C:\Windows\System32\msvcrt.dll
0x00007ffed4150000 - 0x00007ffed41ed000 	C:\Windows\System32\msvcp_win.dll
0x00007ffed4940000 - 0x00007ffed4970000 	C:\Windows\System32\IMM32.DLL
0x00007ffecfbc0000 - 0x00007ffecfbcc000 	E:\Spring\sts-4.10.0.RELEASE\plugins\org.eclipse.justj.openjdk.hotspot.jre.full.win32.x86_64_15.0.2.v20210201-0955\jre\bin\vcruntime140_1.dll
0x00007ffec41c0000 - 0x00007ffec4251000 	E:\Spring\sts-4.10.0.RELEASE\plugins\org.eclipse.justj.openjdk.hotspot.jre.full.win32.x86_64_15.0.2.v20210201-0955\jre\bin\msvcp140.dll
0x00007ffe91260000 - 0x00007ffe91dbe000 	E:\Spring\sts-4.10.0.RELEASE\plugins\org.eclipse.justj.openjdk.hotspot.jre.full.win32.x86_64_15.0.2.v20210201-0955\jre\bin\server\jvm.dll
0x00007ffed5cc0000 - 0x00007ffed5d6c000 	C:\Windows\System32\ADVAPI32.dll
0x00007ffed6200000 - 0x00007ffed629b000 	C:\Windows\System32\sechost.dll
0x00007ffed5ad0000 - 0x00007ffed5bfb000 	C:\Windows\System32\RPCRT4.dll
0x00007ffed5d70000 - 0x00007ffed5d78000 	C:\Windows\System32\PSAPI.DLL
0x00007ffec7970000 - 0x00007ffec7997000 	C:\Windows\SYSTEM32\WINMM.dll
0x00007ffecd170000 - 0x00007ffecd17a000 	C:\Windows\SYSTEM32\VERSION.dll
0x00007ffeba520000 - 0x00007ffeba529000 	C:\Windows\SYSTEM32\WSOCK32.dll
0x00007ffed5d80000 - 0x00007ffed5deb000 	C:\Windows\System32\WS2_32.dll
0x00007ffed1bc0000 - 0x00007ffed1bd2000 	C:\Windows\SYSTEM32\kernel.appcore.dll
0x00007ffecfbb0000 - 0x00007ffecfbba000 	E:\Spring\sts-4.10.0.RELEASE\plugins\org.eclipse.justj.openjdk.hotspot.jre.full.win32.x86_64_15.0.2.v20210201-0955\jre\bin\jimage.dll
0x00007ffeba780000 - 0x00007ffeba964000 	C:\Windows\SYSTEM32\DBGHELP.DLL
0x00007ffeba650000 - 0x00007ffeba67c000 	C:\Windows\SYSTEM32\dbgcore.DLL
0x00007ffed4460000 - 0x00007ffed44e0000 	C:\Windows\System32\bcryptPrimitives.dll
0x00007ffecf9a0000 - 0x00007ffecf9c5000 	E:\Spring\sts-4.10.0.RELEASE\plugins\org.eclipse.justj.openjdk.hotspot.jre.full.win32.x86_64_15.0.2.v20210201-0955\jre\bin\java.dll
0x00007ffecfb90000 - 0x00007ffecfba8000 	E:\Spring\sts-4.10.0.RELEASE\plugins\org.eclipse.justj.openjdk.hotspot.jre.full.win32.x86_64_15.0.2.v20210201-0955\jre\bin\zip.dll
0x00007ffed5380000 - 0x00007ffed5ac2000 	C:\Windows\System32\SHELL32.dll
0x00007ffed1dc0000 - 0x00007ffed2550000 	C:\Windows\SYSTEM32\windows.storage.dll
0x00007ffed4ef0000 - 0x00007ffed5245000 	C:\Windows\System32\combase.dll
0x00007ffed36e0000 - 0x00007ffed370c000 	C:\Windows\SYSTEM32\Wldp.dll
0x00007ffed4e40000 - 0x00007ffed4eee000 	C:\Windows\System32\SHCORE.dll
0x00007ffed6110000 - 0x00007ffed6165000 	C:\Windows\System32\shlwapi.dll
0x00007ffed3bb0000 - 0x00007ffed3bcf000 	C:\Windows\SYSTEM32\profapi.dll
0x00007ffece8b0000 - 0x00007ffece8c9000 	E:\Spring\sts-4.10.0.RELEASE\plugins\org.eclipse.justj.openjdk.hotspot.jre.full.win32.x86_64_15.0.2.v20210201-0955\jre\bin\net.dll
0x00007ffec9b50000 - 0x00007ffec9c5b000 	C:\Windows\SYSTEM32\WINHTTP.dll
0x00007ffed3450000 - 0x00007ffed34ba000 	C:\Windows\system32\mswsock.dll
0x00007ffecc740000 - 0x00007ffecc752000 	E:\Spring\sts-4.10.0.RELEASE\plugins\org.eclipse.justj.openjdk.hotspot.jre.full.win32.x86_64_15.0.2.v20210201-0955\jre\bin\nio.dll
0x00007ffec4160000 - 0x00007ffec4169000 	E:\Spring\sts-4.10.0.RELEASE\plugins\org.eclipse.justj.openjdk.hotspot.jre.full.win32.x86_64_15.0.2.v20210201-0955\jre\bin\management.dll
0x00007ffec4150000 - 0x00007ffec415b000 	E:\Spring\sts-4.10.0.RELEASE\plugins\org.eclipse.justj.openjdk.hotspot.jre.full.win32.x86_64_15.0.2.v20210201-0955\jre\bin\management_ext.dll
0x00007ffec84c0000 - 0x00007ffec84d7000 	C:\Windows\system32\napinsp.dll
0x00007ffebcdd0000 - 0x00007ffebcdeb000 	C:\Windows\system32\pnrpnsp.dll
0x00007ffecec40000 - 0x00007ffecec55000 	C:\Windows\system32\wshbth.dll
0x00007ffecf800000 - 0x00007ffecf81d000 	C:\Windows\system32\NLAapi.dll
0x00007ffed30f0000 - 0x00007ffed312b000 	C:\Windows\SYSTEM32\IPHLPAPI.DLL
0x00007ffed3130000 - 0x00007ffed31fc000 	C:\Windows\SYSTEM32\DNSAPI.dll
0x00007ffed5e50000 - 0x00007ffed5e58000 	C:\Windows\System32\NSI.dll
0x00007ffebca70000 - 0x00007ffebca82000 	C:\Windows\System32\winrnr.dll
0x00007ffec4b70000 - 0x00007ffec4b7a000 	C:\Windows\System32\rasadhlp.dll
0x00007ffec7490000 - 0x00007ffec750f000 	C:\Windows\System32\fwpuclnt.dll
0x00007ffed3c70000 - 0x00007ffed3c97000 	C:\Windows\System32\bcrypt.dll
0x00007ffed3620000 - 0x00007ffed3638000 	C:\Windows\SYSTEM32\CRYPTSP.dll
0x00007ffed2d80000 - 0x00007ffed2db4000 	C:\Windows\system32\rsaenh.dll
0x00007ffed3b70000 - 0x00007ffed3b9e000 	C:\Windows\SYSTEM32\USERENV.dll
0x00007ffed3640000 - 0x00007ffed364c000 	C:\Windows\SYSTEM32\CRYPTBASE.dll
0x00007ffec8fb0000 - 0x00007ffec8fc7000 	C:\Windows\SYSTEM32\dhcpcsvc6.DLL
0x00007ffec9f50000 - 0x00007ffec9f6d000 	C:\Windows\SYSTEM32\dhcpcsvc.DLL
0x00007ffecf940000 - 0x00007ffecf950000 	E:\Spring\sts-4.10.0.RELEASE\plugins\org.eclipse.justj.openjdk.hotspot.jre.full.win32.x86_64_15.0.2.v20210201-0955\jre\bin\verify.dll
0x00007ffec41b0000 - 0x00007ffec41bd000 	E:\Spring\sts-4.10.0.RELEASE\plugins\org.eclipse.justj.openjdk.hotspot.jre.full.win32.x86_64_15.0.2.v20210201-0955\jre\bin\sunmscapi.dll
0x00007ffed3cf0000 - 0x00007ffed3e4f000 	C:\Windows\System32\CRYPT32.dll
0x00007ffed3750000 - 0x00007ffed3777000 	C:\Windows\SYSTEM32\ncrypt.dll
0x00007ffed3710000 - 0x00007ffed374b000 	C:\Windows\SYSTEM32\NTASN1.dll

dbghelp: loaded successfully - version: 4.0.5 - missing functions: none
symbol engine: initialized successfully - sym options: 0x614 - pdb path: .;E:\Spring\sts-4.10.0.RELEASE\plugins\org.eclipse.justj.openjdk.hotspot.jre.full.win32.x86_64_15.0.2.v20210201-0955\jre\bin;C:\Windows\SYSTEM32;C:\Windows\WinSxS\amd64_microsoft.windows.common-controls_6595b64144ccf1df_6.0.19041.844_none_ca00b6081b84eb1d;E:\Spring\sts-4.10.0.RELEASE\plugins\org.eclipse.justj.openjdk.hotspot.jre.full.win32.x86_64_15.0.2.v20210201-0955\jre\bin\server

VM Arguments:
jvm_args: -Dcom.sun.management.jmxremote -Dcom.sun.management.jmxremote.port=57305 -Dcom.sun.management.jmxremote.authenticate=false -Dcom.sun.management.jmxremote.ssl=false -Djava.rmi.server.hostname=localhost -Dspring.jmx.enabled=true -Dspring.application.admin.enabled=true -XX:TieredStopAtLevel=1 -Dspring.boot.project.name=vms -Dfile.encoding=Cp1252 -XX:+ShowCodeDetailsInExceptionMessages 
java_command: com.cg.vms.VmsApplication --spring.output.ansi.enabled=always
java_class_path (initial): C:\Users\ASWIN\git\Vehicle\bin\main;C:\Users\ASWIN\.gradle\caches\modules-2\files-2.1\org.projectlombok\lombok\1.18.20\18bcea7d5df4d49227b4a0743a536208ce4825bb\lombok-1.18.20.jar;C:\Users\ASWIN\.gradle\caches\modules-2\files-2.1\org.springframework.boot\spring-boot-starter-data-jpa\2.4.5\cba91e070e601c55eec0d8a1948dcca15703ad37\spring-boot-starter-data-jpa-2.4.5.jar;C:\Users\ASWIN\.gradle\caches\modules-2\files-2.1\org.springframework.boot\spring-boot-starter-validation\2.4.5\27acd26bb55058472e91e44e8155b256a610b87e\spring-boot-starter-validation-2.4.5.jar;C:\Users\ASWIN\.gradle\caches\modules-2\files-2.1\org.springframework.boot\spring-boot-starter-web\2.4.5\93cf2655557534e35723fbafa069bed2ee125832\spring-boot-starter-web-2.4.5.jar;C:\Users\ASWIN\.gradle\caches\modules-2\files-2.1\org.hibernate\hibernate-entitymanager\5.4.31.Final\49ad78d0fc96fe9c60d6ba49984266699c28dfc\hibernate-entitymanager-5.4.31.Final.jar;C:\Users\ASWIN\.gradle\caches\modules-2\files-2.1\io.springfox\springfox-boot-starter\3.0.0\5486365e263f8acca014b97efa50c3419d58e8f6\springfox-boot-starter-3.0.0.jar;C:\Users\ASWIN\.gradle\caches\modules-2\files-2.1\org.apache.logging.log4j\log4j-core\2.14.1\9141212b8507ab50a45525b545b39d224614528b\log4j-core-2.14.1.jar;C:\Users\ASWIN\.gradle\caches\modules-2\files-2.1\org.springframework.boot\spring-boot-starter-aop\2.4.5\853bfc5d1c867f66880971515bda82ecc737e839\spring-boot-starter-aop-2.4.5.jar;C:\Users\ASWIN\.gradle\caches\modules-2\files-2.1\org.springframework.boot\spring-boot-starter-jdbc\2.4.5\abcca18ef5a2c877a5574a492b570bb260640de3\spring-boot-starter-jdbc-2.4.5.jar;C:\Users\ASWIN\.gradle\caches\modules-2\files-2.1\org.springframework.boot\spring-boot-starter-json\2.4.5\5c1623aa53adf10cd98884f60db2d9f5958dbc28\spring-boot-starter-json-2.4.5.jar;C:\Users\ASWIN\.gradle\caches\modules-2\files-2.1\org.springframework.boot\spring-boot-starter\2.4.5\5f5398f459beb958fc2ece1a433420bf03cec628\spring-boot-starter-2.4.5.jar;C:\Users
Launcher Type: SUN_STANDARD

[Global flags]
     intx CICompilerCount                          = 4                                         {product} {ergonomic}
     uint ConcGCThreads                            = 2                                         {product} {ergonomic}
     uint G1ConcRefinementThreads                  = 8                                         {product} {ergonomic}
   size_t G1HeapRegionSize                         = 1048576                                   {product} {ergonomic}
    uintx GCDrainStackTargetSize                   = 64                                        {product} {ergonomic}
   size_t InitialHeapSize                          = 134217728                                 {product} {ergonomic}
     bool ManagementServer                         = true                                      {product} {command line}
   size_t MarkStackSize                            = 4194304                                   {product} {ergonomic}
   size_t MaxHeapSize                              = 2124414976                                {product} {ergonomic}
   size_t MaxNewSize                               = 1274019840                                {product} {ergonomic}
   size_t MinHeapDeltaBytes                        = 1048576                                   {product} {ergonomic}
   size_t MinHeapSize                              = 8388608                                   {product} {ergonomic}
    uintx NonNMethodCodeHeapSize                   = 7549744                                {pd product} {ergonomic}
    uintx NonProfiledCodeHeapSize                  = 244108496                              {pd product} {ergonomic}
    uintx ProfiledCodeHeapSize                     = 0                                      {pd product} {ergonomic}
    uintx ReservedCodeCacheSize                    = 251658240                              {pd product} {ergonomic}
     bool SegmentedCodeCache                       = true                                      {product} {ergonomic}
     bool ShowCodeDetailsInExceptionMessages       = true                                   {manageable} {command line}
   size_t SoftMaxHeapSize                          = 2124414976                             {manageable} {ergonomic}
     intx TieredStopAtLevel                        = 1                                         {product} {command line}
     bool UseCompressedClassPointers               = true                                 {lp64_product} {ergonomic}
     bool UseCompressedOops                        = true                                 {lp64_product} {ergonomic}
     bool UseG1GC                                  = true                                      {product} {ergonomic}
     bool UseLargePagesIndividualAllocation        = false                                  {pd product} {ergonomic}

Logging:
Log output configuration:
 #0: stdout all=warning uptime,level,tags
 #1: stderr all=off uptime,level,tags

Environment Variables:
JAVA_HOME=C:\Program Files\Java\jdk1.8.0_261
PATH=E:/Spring/sts-4.10.0.RELEASE//plugins/org.eclipse.justj.openjdk.hotspot.jre.full.win32.x86_64_15.0.2.v20210201-0955/jre/bin/server;E:/Spring/sts-4.10.0.RELEASE//plugins/org.eclipse.justj.openjdk.hotspot.jre.full.win32.x86_64_15.0.2.v20210201-0955/jre/bin;C:\Program Files (x86)\Common Files\Oracle\Java\javapath;C:\Windows\system32;C:\Windows;C:\Windows\System32\Wbem;C:\Windows\System32\WindowsPowerShell\v1.0\;C:\Windows\System32\OpenSSH\;C:\Program Files\Java\jdk1.8.0_261\bin;C:\Users\ASWIN\AppData\Local\Microsoft\WindowsApps;C:\Users\ASWIN\Desktop\Gradel\gradle-7.0-bin\gradle-7.0\bin;;E:\Spring\sts-4.10.0.RELEASE;
USERNAME=ASWIN
OS=Windows_NT
PROCESSOR_IDENTIFIER=Intel64 Family 6 Model 142 Stepping 10, GenuineIntel



---------------  S Y S T E M  ---------------

OS:
 Windows 10 , 64 bit Build 19041 (10.0.19041.928)
OS uptime: 0 days 11:10 hours

CPU: total 8 (initial active 8) (4 cores per cpu, 2 threads per core) family 6 model 142 stepping 10 microcode 0xe0, cmov, cx8, fxsr, mmx, sse, sse2, sse3, ssse3, sse4.1, sse4.2, popcnt, vzeroupper, avx, avx2, aes, clmul, erms, 3dnowpref, lzcnt, ht, tsc, tscinvbit, bmi1, bmi2, adx, fma, clflush, clflushopt

Memory: 4k page, system-wide physical 8101M (1200M free)
TotalPageFile size 12101M (AvailPageFile size 4M)
current process WorkingSet (physical memory assigned to process): 173M, peak: 173M
current process commit charge ("private bytes"): 211M, peak: 212M

vm_info: OpenJDK 64-Bit Server VM (15.0.2+7-27) for windows-amd64 JRE (15.0.2+7-27), built on Dec  7 2020 20:02:38 by "mach5one" with unknown MS VC++:1925

END.
